# JRE version: OpenJDK Runtime Environment Temurin-17.0.4.1+1 (17.0.4.1+1) (build 17.0.4.1+1)
# Java VM: OpenJDK 64-Bit Server VM Temurin-17.0.4.1+1 (17.0.4.1+1, mixed mode, emulated-client, tiered, compressed oops, compressed class ptrs, g1 gc, windows-amd64)
GC Precious Log:
 CPUs: 4 total, 4 available
 Memory: 12188M
 Large Page Support: Disabled
 NUMA Support: Disabled
 Compressed Oops: Enabled (Zero based)
 Heap Region Size: 2M
 Heap Min Capacity: 8M
 Heap Initial Capacity: 192M
 Heap Max Capacity: 3048M
 Pre-touch: Disabled
 Parallel Workers: 4
 Concurrent Workers: 1
 Concurrent Refinement Workers: 4
 Periodic GC: Disabled
Heap:
 garbage-first heap   total 83968K, used 36309K [0x0000000741800000, 0x0000000800000000)
  region size 2048K, 7 young (14336K), 3 survivors (6144K)
 Metaspace       used 73352K, committed 74112K, reserved 1114112K
  class space    used 10000K, committed 10368K, reserved 1048576K
GC Heap History (20 events):
Event: 1246.526 GC heap before
{Heap before GC invocations=47 (full 9):
 garbage-first heap   total 83968K, used 59971K [0x0000000741800000, 0x0000000800000000)
  region size 2048K, 18 young (36864K), 2 survivors (4096K)
 Metaspace       used 72465K, committed 73152K, reserved 1114112K
  class space    used 9925K, committed 10240K, reserved 1048576K
}
Event: 1246.532 GC heap after
{Heap after GC invocations=48 (full 9):
 garbage-first heap   total 83968K, used 29345K [0x0000000741800000, 0x0000000800000000)
  region size 2048K, 3 young (6144K), 3 survivors (6144K)
 Metaspace       used 72465K, committed 73152K, reserved 1114112K
  class space    used 9925K, committed 10240K, reserved 1048576K
}
Event: 1266.645 GC heap before
{Heap before GC invocations=48 (full 9):
 garbage-first heap   total 83968K, used 37537K [0x0000000741800000, 0x0000000800000000)
  region size 2048K, 8 young (16384K), 3 survivors (6144K)
 Metaspace       used 72467K, committed 73152K, reserved 1114112K
  class space    used 9925K, committed 10240K, reserved 1048576K
}
Event: 1266.700 GC heap after
{Heap after GC invocations=49 (full 10):
 garbage-first heap   total 83968K, used 24108K [0x0000000741800000, 0x0000000800000000)
  region size 2048K, 0 young (0K), 0 survivors (0K)
 Metaspace       used 72461K, committed 73152K, reserved 1114112K
  class space    used 9924K, committed 10240K, reserved 1048576K
}
Event: 1267.328 GC heap before
{Heap before GC invocations=49 (full 10):
 garbage-first heap   total 83968K, used 58924K [0x0000000741800000, 0x0000000800000000)
  region size 2048K, 18 young (36864K), 0 survivors (0K)
 Metaspace       used 72509K, committed 73280K, reserved 1114112K
  class space    used 9931K, committed 10304K, reserved 1048576K
}
Event: 1267.332 GC heap after
{Heap after GC invocations=50 (full 10):
 garbage-first heap   total 83968K, used 27314K [0x0000000741800000, 0x0000000800000000)
  region size 2048K, 2 young (4096K), 2 survivors (4096K)
 Metaspace       used 72509K, committed 73280K, reserved 1114112K
  class space    used 9931K, committed 10304K, reserved 1048576K
}
Event: 1267.884 GC heap before
{Heap before GC invocations=50 (full 10):
 garbage-first heap   total 83968K, used 60082K [0x0000000741800000, 0x0000000800000000)
  region size 2048K, 18 young (36864K), 2 survivors (4096K)
 Metaspace       used 72724K, committed 73472K, reserved 1114112K
  class space    used 9946K, committed 10304K, reserved 1048576K
}
Event: 1267.890 GC heap after
{Heap after GC invocations=51 (full 10):
 garbage-first heap   total 83968K, used 29495K [0x0000000741800000, 0x0000000800000000)
  region size 2048K, 3 young (6144K), 3 survivors (6144K)
 Metaspace       used 72724K, committed 73472K, reserved 1114112K
  class space    used 9946K, committed 10304K, reserved 1048576K
}
Event: 1282.772 GC heap before
{Heap before GC invocations=51 (full 10):
 garbage-first heap   total 83968K, used 37687K [0x0000000741800000, 0x0000000800000000)
  region size 2048K, 8 young (16384K), 3 survivors (6144K)
 Metaspace       used 72727K, committed 73472K, reserved 1114112K
  class space    used 9946K, committed 10304K, reserved 1048576K
}
Event: 1282.826 GC heap after
{Heap after GC invocations=52 (full 11):
 garbage-first heap   total 83968K, used 24374K [0x0000000741800000, 0x0000000800000000)
  region size 2048K, 0 young (0K), 0 survivors (0K)
 Metaspace       used 72721K, committed 73472K, reserved 1114112K
  class space    used 9945K, committed 10304K, reserved 1048576K
}
Event: 1283.364 GC heap before
{Heap before GC invocations=52 (full 11):
 garbage-first heap   total 83968K, used 63286K [0x0000000741800000, 0x0000000800000000)
  region size 2048K, 19 young (38912K), 0 survivors (0K)
 Metaspace       used 72780K, committed 73536K, reserved 1114112K
  class space    used 9953K, committed 10304K, reserved 1048576K
}
Event: 1283.368 GC heap after
{Heap after GC invocations=53 (full 11):
 garbage-first heap   total 83968K, used 27577K [0x0000000741800000, 0x0000000800000000)
  region size 2048K, 2 young (4096K), 2 survivors (4096K)
 Metaspace       used 72780K, committed 73536K, reserved 1114112K
  class space    used 9953K, committed 10304K, reserved 1048576K
}
Event: 1284.282 GC heap before
{Heap before GC invocations=53 (full 11):
 garbage-first heap   total 83968K, used 62393K [0x0000000741800000, 0x0000000800000000)
  region size 2048K, 19 young (38912K), 2 survivors (4096K)
 Metaspace       used 73065K, committed 73856K, reserved 1114112K
  class space    used 9978K, committed 10368K, reserved 1048576K
}
Event: 1284.292 GC heap after
{Heap after GC invocations=54 (full 11):
 garbage-first heap   total 83968K, used 29938K [0x0000000741800000, 0x0000000800000000)
  region size 2048K, 3 young (6144K), 3 survivors (6144K)
 Metaspace       used 73065K, committed 73856K, reserved 1114112K
  class space    used 9978K, committed 10368K, reserved 1048576K
}
Event: 1392.818 GC heap before
{Heap before GC invocations=54 (full 11):
 garbage-first heap   total 83968K, used 38130K [0x0000000741800000, 0x0000000800000000)
  region size 2048K, 8 young (16384K), 3 survivors (6144K)
 Metaspace       used 73068K, committed 73856K, reserved 1114112K
  class space    used 9978K, committed 10368K, reserved 1048576K
}
Event: 1392.873 GC heap after
{Heap after GC invocations=55 (full 12):
 garbage-first heap   total 83968K, used 24580K [0x0000000741800000, 0x0000000800000000)
  region size 2048K, 0 young (0K), 0 survivors (0K)
 Metaspace       used 73059K, committed 73856K, reserved 1114112K
  class space    used 9977K, committed 10368K, reserved 1048576K
}
Event: 1393.327 GC heap before
{Heap before GC invocations=55 (full 12):
 garbage-first heap   total 83968K, used 63492K [0x0000000741800000, 0x0000000800000000)
  region size 2048K, 19 young (38912K), 0 survivors (0K)
 Metaspace       used 73108K, committed 73856K, reserved 1114112K
  class space    used 9983K, committed 10368K, reserved 1048576K
}
Event: 1393.330 GC heap after
{Heap after GC invocations=56 (full 12):
 garbage-first heap   total 83968K, used 27592K [0x0000000741800000, 0x0000000800000000)
  region size 2048K, 2 young (4096K), 2 survivors (4096K)
 Metaspace       used 73108K, committed 73856K, reserved 1114112K
  class space    used 9983K, committed 10368K, reserved 1048576K
}
Event: 1393.883 GC heap before
{Heap before GC invocations=56 (full 12):
 garbage-first heap   total 83968K, used 62408K [0x0000000741800000, 0x0000000800000000)
  region size 2048K, 19 young (38912K), 2 survivors (4096K)
 Metaspace       used 73350K, committed 74112K, reserved 1114112K
  class space    used 9999K, committed 10368K, reserved 1048576K
}
Event: 1393.889 GC heap after
{Heap after GC invocations=57 (full 12):
 garbage-first heap   total 83968K, used 30165K [0x0000000741800000, 0x0000000800000000)
  region size 2048K, 3 young (6144K), 3 survivors (6144K)
 Metaspace       used 73350K, committed 74112K, reserved 1114112K
  class space    used 9999K, committed 10368K, reserved 1048576K
}

